<?xml version="1.0" encoding="UTF-8" ?>
<testsuite tests="3" failures="0" name="edu.matc.persistence.IbatisJavaTest" time="0.815" errors="1" skipped="0">
  <properties>
[...]
</properties>
  <testcase classname="edu.matc.persistence.IbatisJavaTest" name="getAllRecords" time="0.639"/>
  <testcase classname="edu.matc.persistence.IbatisJavaTest" name="deleteRecord" time="0.07"/>
  <testcase classname="edu.matc.persistence.IbatisJavaTest" name="getAllRecordsById" time="0.106">
    <error message="java.lang.Object cannot be cast to edu.matc.entity.ibatis.ClassTable" type="java.lang.ClassCastException">java.lang.ClassCastException: java.lang.Object cannot be cast to edu.matc.entity.ibatis.ClassTable
	at edu.matc.persistence.IbatisJavaTest.getAllRecordsById(IbatisJavaTest.java:20)
	at sun.reflect.NativeMethodAccessorImpl.invoke0(Native Method)
	at sun.reflect.NativeMethodAccessorImpl.invoke(NativeMethodAccessorImpl.java:62)
	at sun.reflect.DelegatingMethodAccessorImpl.invoke(DelegatingMethodAccessorImpl.java:43)
	at java.lang.reflect.Method.invoke(Method.java:498)
	at org.junit.runners.model.FrameworkMethod$1.runReflectiveCall(FrameworkMethod.java:50)
	at org.junit.internal.runners.model.ReflectiveCallable.run(ReflectiveCallable.java:12)
	at org.junit.runners.model.FrameworkMethod.invokeExplosively(FrameworkMethod.java:47)
	at org.junit.internal.runners.statements.InvokeMethod.evaluate(InvokeMethod.java:17)
	at org.junit.runners.ParentRunner.runLeaf(ParentRunner.java:325)
	at org.junit.runners.BlockJUnit4ClassRunner.runChild(BlockJUnit4ClassRunner.java:78)
	at org.junit.runners.BlockJUnit4ClassRunner.runChild(BlockJUnit4ClassRunner.java:57)
	at org.junit.runners.ParentRunner$3.run(ParentRunner.java:290)
	at org.junit.runners.ParentRunner$1.schedule(ParentRunner.java:71)
	at org.junit.runners.ParentRunner.runChildren(ParentRunner.java:288)
	at org.junit.runners.ParentRunner.access$000(ParentRunner.java:58)
	at org.junit.runners.ParentRunner$2.evaluate(ParentRunner.java:268)
	at org.junit.runners.ParentRunner.run(ParentRunner.java:363)
	at org.apache.maven.surefire.junit4.JUnit4Provider.execute(JUnit4Provider.java:252)
	at org.apache.maven.surefire.junit4.JUnit4Provider.executeTestSet(JUnit4Provider.java:141)
	at org.apache.maven.surefire.junit4.JUnit4Provider.invoke(JUnit4Provider.java:112)
	at sun.reflect.NativeMethodAccessorImpl.invoke0(Native Method)
	at sun.reflect.NativeMethodAccessorImpl.invoke(NativeMethodAccessorImpl.java:62)
	at sun.reflect.DelegatingMethodAccessorImpl.invoke(DelegatingMethodAccessorImpl.java:43)
	at java.lang.reflect.Method.invoke(Method.java:498)
	at org.apache.maven.surefire.util.ReflectionUtils.invokeMethodWithArray(ReflectionUtils.java:189)
	at org.apache.maven.surefire.booter.ProviderFactory$ProviderProxy.invoke(ProviderFactory.java:165)
	at org.apache.maven.surefire.booter.ProviderFactory.invokeProvider(ProviderFactory.java:85)
	at org.apache.maven.surefire.booter.ForkedBooter.runSuitesInProcess(ForkedBooter.java:115)
	at org.apache.maven.surefire.booter.ForkedBooter.main(ForkedBooter.java:75)
</error>
    <system-out>2017-12-12 21:23:27,829 0    [main] INFO  edu.matc.persistence.IbatisJava  - Error getting all records
com.ibatis.common.jdbc.exception.NestedSQLException:   
--- The error occurred in Class.xml.  
--- The error occurred while applying a result map.  
--- Check the Class.getTheLastClassId-AutoResultMap.  
--- The error happened while setting a property on the result object.  
--- Cause: java.lang.RuntimeException: Error setting property &apos;(idClassTable)&apos; of &apos;edu.matc.entity.ibatis.ClassTable@5bb21b69&apos;.  Cause: java.lang.IllegalArgumentException: Can not set int field edu.matc.entity.ibatis.ClassTable.idClassTable to null value
	at com.ibatis.sqlmap.engine.mapping.statement.MappedStatement.executeQueryWithCallback(MappedStatement.java:204)
	at com.ibatis.sqlmap.engine.mapping.statement.MappedStatement.executeQueryForObject(MappedStatement.java:120)
	at com.ibatis.sqlmap.engine.impl.SqlMapExecutorDelegate.queryForObject(SqlMapExecutorDelegate.java:518)
	at com.ibatis.sqlmap.engine.impl.SqlMapExecutorDelegate.queryForObject(SqlMapExecutorDelegate.java:493)
	at com.ibatis.sqlmap.engine.impl.SqlMapSessionImpl.queryForObject(SqlMapSessionImpl.java:106)
	at com.ibatis.sqlmap.engine.impl.SqlMapSessionImpl.queryForObject(SqlMapSessionImpl.java:110)
	at com.ibatis.sqlmap.engine.impl.SqlMapClientImpl.queryForObject(SqlMapClientImpl.java:86)
	at edu.matc.persistence.IbatisJava.getRecordById(IbatisJava.java:107)
	at edu.matc.persistence.IbatisJavaTest.getAllRecordsById(IbatisJavaTest.java:20)
	at sun.reflect.NativeMethodAccessorImpl.invoke0(Native Method)
	at sun.reflect.NativeMethodAccessorImpl.invoke(NativeMethodAccessorImpl.java:62)
	at sun.reflect.DelegatingMethodAccessorImpl.invoke(DelegatingMethodAccessorImpl.java:43)
	at java.lang.reflect.Method.invoke(Method.java:498)
	at org.junit.runners.model.FrameworkMethod$1.runReflectiveCall(FrameworkMethod.java:50)
	at org.junit.internal.runners.model.ReflectiveCallable.run(ReflectiveCallable.java:12)
	at org.junit.runners.model.FrameworkMethod.invokeExplosively(FrameworkMethod.java:47)
	at org.junit.internal.runners.statements.InvokeMethod.evaluate(InvokeMethod.java:17)
	at org.junit.runners.ParentRunner.runLeaf(ParentRunner.java:325)
	at org.junit.runners.BlockJUnit4ClassRunner.runChild(BlockJUnit4ClassRunner.java:78)
	at org.junit.runners.BlockJUnit4ClassRunner.runChild(BlockJUnit4ClassRunner.java:57)
	at org.junit.runners.ParentRunner$3.run(ParentRunner.java:290)
	at org.junit.runners.ParentRunner$1.schedule(ParentRunner.java:71)
	at org.junit.runners.ParentRunner.runChildren(ParentRunner.java:288)
	at org.junit.runners.ParentRunner.access$000(ParentRunner.java:58)
	at org.junit.runners.ParentRunner$2.evaluate(ParentRunner.java:268)
	at org.junit.runners.ParentRunner.run(ParentRunner.java:363)
	at org.apache.maven.surefire.junit4.JUnit4Provider.execute(JUnit4Provider.java:252)
	at org.apache.maven.surefire.junit4.JUnit4Provider.executeTestSet(JUnit4Provider.java:141)
	at org.apache.maven.surefire.junit4.JUnit4Provider.invoke(JUnit4Provider.java:112)
	at sun.reflect.NativeMethodAccessorImpl.invoke0(Native Method)
	at sun.reflect.NativeMethodAccessorImpl.invoke(NativeMethodAccessorImpl.java:62)
	at sun.reflect.DelegatingMethodAccessorImpl.invoke(DelegatingMethodAccessorImpl.java:43)
	at java.lang.reflect.Method.invoke(Method.java:498)
	at org.apache.maven.surefire.util.ReflectionUtils.invokeMethodWithArray(ReflectionUtils.java:189)
	at org.apache.maven.surefire.booter.ProviderFactory$ProviderProxy.invoke(ProviderFactory.java:165)
	at org.apache.maven.surefire.booter.ProviderFactory.invokeProvider(ProviderFactory.java:85)
	at org.apache.maven.surefire.booter.ForkedBooter.runSuitesInProcess(ForkedBooter.java:115)
	at org.apache.maven.surefire.booter.ForkedBooter.main(ForkedBooter.java:75)
Caused by: java.lang.RuntimeException: Error setting property &apos;(idClassTable)&apos; of &apos;edu.matc.entity.ibatis.ClassTable@5bb21b69&apos;.  Cause: java.lang.IllegalArgumentException: Can not set int field edu.matc.entity.ibatis.ClassTable.idClassTable to null value
	at com.ibatis.sqlmap.engine.accessplan.PropertyAccessPlan.setProperties(PropertyAccessPlan.java:52)
	at com.ibatis.sqlmap.engine.exchange.JavaBeanDataExchange.setData(JavaBeanDataExchange.java:112)
	at com.ibatis.sqlmap.engine.mapping.result.ResultMap.setResultObjectValues(ResultMap.java:371)
	at com.ibatis.sqlmap.engine.mapping.result.AutoResultMap.setResultObjectValues(AutoResultMap.java:57)
	at com.ibatis.sqlmap.engine.mapping.statement.RowHandlerCallback.handleResultObject(RowHandlerCallback.java:64)
	at com.ibatis.sqlmap.engine.execution.SqlExecutor.handleResults(SqlExecutor.java:385)
	at com.ibatis.sqlmap.engine.execution.SqlExecutor.handleMultipleResults(SqlExecutor.java:300)
	at com.ibatis.sqlmap.engine.execution.SqlExecutor.executeQuery(SqlExecutor.java:189)
	at com.ibatis.sqlmap.engine.mapping.statement.MappedStatement.sqlExecuteQuery(MappedStatement.java:221)
	at com.ibatis.sqlmap.engine.mapping.statement.MappedStatement.executeQueryWithCallback(MappedStatement.java:189)
	... 37 more
Caused by: java.lang.IllegalArgumentException: Can not set int field edu.matc.entity.ibatis.ClassTable.idClassTable to null value
	at sun.reflect.UnsafeFieldAccessorImpl.throwSetIllegalArgumentException(UnsafeFieldAccessorImpl.java:167)
	at sun.reflect.UnsafeFieldAccessorImpl.throwSetIllegalArgumentException(UnsafeFieldAccessorImpl.java:171)
	at sun.reflect.UnsafeIntegerFieldAccessorImpl.set(UnsafeIntegerFieldAccessorImpl.java:80)
	at java.lang.reflect.Field.set(Field.java:764)
	at com.ibatis.common.beans.SetFieldInvoker.invoke(SetFieldInvoker.java:16)
	at com.ibatis.sqlmap.engine.accessplan.PropertyAccessPlan.setProperties(PropertyAccessPlan.java:46)
	... 46 more
</system-out>
    <system-err>Tue Dec 12 21:23:27 CST 2017 WARN: Establishing SSL connection without server&apos;s identity verification is not recommended. According to MySQL 5.5.45+, 5.6.26+ and 5.7.6+ requirements SSL connection must be established by default if explicit option isn&apos;t set. For compliance with existing applications not using SSL the verifyServerCertificate property is set to &apos;false&apos;. You need either to explicitly disable SSL by setting useSSL=false, or set useSSL=true and provide truststore for server certificate verification.
</system-err>
  </testcase>
</testsuite>